<?xml version="1.0" encoding="UTF-8"?>
<!-- Generated by org.testng.reporters.JUnitReportReporter -->
<testsuite hostname="DESKTOP-ACLM9AQ" failures="0" tests="1" name="com.web.tests.ProductTest" time="12.789" errors="0" timestamp="2025-03-09T14:13:18 IST" skipped="0">
  <testcase classname="com.web.tests.ProductTest" name="testProductDetails" time="12.789"/>
</testsuite> <!-- com.web.tests.ProductTest -->
