<?xml version="1.0" encoding="UTF-8"?>
<!-- Generated by org.testng.reporters.JUnitReportReporter -->
<testsuite hostname="DESKTOP-ACLM9AQ" failures="0" tests="1" name="com.web.tests.LoginTest" time="1.909" errors="0" timestamp="2025-03-09T14:13:18 IST" skipped="0">
  <testcase classname="com.web.tests.LoginTest" name="testLoginAndFetchProduct" time="1.909"/>
</testsuite> <!-- com.web.tests.LoginTest -->
